Reading data from .csv file
Preparing train and test data
Extracting feactures from data
Training the random forest
building tree 1 of 30
[Parallel(n_jobs=1)]: Done   1 out of   1 | elapsed:    1.6s remaining:    0.0s
building tree 2 of 30
[Parallel(n_jobs=1)]: Done   2 out of   2 | elapsed:    3.3s remaining:    0.0s
building tree 3 of 30
building tree 4 of 30
building tree 5 of 30
building tree 6 of 30
building tree 7 of 30
building tree 8 of 30
building tree 9 of 30
building tree 10 of 30
building tree 11 of 30
building tree 12 of 30
building tree 13 of 30
building tree 14 of 30
building tree 15 of 30
building tree 16 of 30
building tree 17 of 30
building tree 18 of 30
building tree 19 of 30
building tree 20 of 30
building tree 21 of 30
building tree 22 of 30
building tree 23 of 30
building tree 24 of 30
building tree 25 of 30
building tree 26 of 30
building tree 27 of 30
building tree 28 of 30
building tree 29 of 30
building tree 30 of 30
[Parallel(n_jobs=1)]: Done  30 out of  30 | elapsed:   51.2s finished
Applying model to the test data
[Parallel(n_jobs=1)]: Done   1 out of   1 | elapsed:    0.0s remaining:    0.0s
[Parallel(n_jobs=1)]: Done   2 out of   2 | elapsed:    0.0s remaining:    0.0s
[Parallel(n_jobs=1)]: Done  30 out of  30 | elapsed:    1.2s finished

100 most common categories
Category 000 (83ED005056A4699B11E4389160160FA3) : Correct 1684 from 1684 = 100.000 %
Category 001 (9DC3001E6728A5A411E5AD07545A1026) : Correct 1211 from 1251 = 96.803 %
Category 002 (80EE00155D030B1F11E240183D5260E9) : Correct 884 from 1068 = 82.772 %
Category 003 (8A00005056A4699B11E466658775D4FE) : Correct 822 from 822 = 100.000 %
Category 004 (BB62005056A616E611E266BBBDB314A6) : Correct 588 from 648 = 90.741 %
Category 005 (9BDD00155D03330711E65E03F29B1C51) : Correct 531 from 592 = 89.696 %
Category 006 (A89A001E6728A5A411E59EF3E600AAF8) : Correct 515 from 591 = 87.140 %
Category 007 (9A61005056A615EF11E391FD2FA4C0DB) : Correct 448 from 457 = 98.031 %
Category 008 (B3CE00155D030B0711E0A761A7AC5D5B) : Correct 400 from 450 = 88.889 %
Category 009 (9A4B00155D03330711E6368AE2AC0D6E) : Correct 368 from 421 = 87.411 %
Category 010 (BE0700151716F9F511DD520FD5A60940) : Correct 403 from 418 = 96.411 %
Category 011 (AB470002B3552D7511DABBA2439DA7C0) : Correct 237 from 400 = 59.250 %
Category 012 (9DC3001E6728A5A411E5A561F126E625) : Correct 366 from 372 = 98.387 %
Category 013 (A20B00001A1933DF11DC43B03FB5D83C) : Correct 272 from 370 = 73.514 %
Category 014 (8AFF00155D03361B11E5A539160DB982) : Correct 288 from 362 = 79.558 %
Category 015 (9DC3001E6728A5A411E5AE0B591B139B) : Correct 346 from 360 = 96.111 %
Category 016 (938D00155D03330D11E7B4838EBD2065) : Correct 346 from 349 = 99.140 %
Category 017 (A9C4005056A4699B11E3FB7738730A26) : Correct 342 from 342 = 100.000 %
Category 018 (9DC3001E6728A5A411E5AEC7AEBA7A40) : Correct 313 from 327 = 95.719 %
Category 019 (9DC3001E6728A5A411E5A7818761785C) : Correct 286 from 311 = 91.961 %
Category 020 (AB470002B3552D7511DABBA3CC051128) : Correct 243 from 309 = 78.641 %
Category 021 (8CA6001517C526F011E0F2DDC3BD6872) : Correct 252 from 298 = 84.564 %
Category 022 (AAD1005056A4699B11E3C9C81CEA9FBD) : Correct 267 from 267 = 100.000 %
Category 023 (B00F00155D03330D11E710551930AE76) : Correct 243 from 243 = 100.000 %
Category 024 (87DA00155D03330D11E6C10387A513F2) : Correct 238 from 239 = 99.582 %
Category 025 (B00F00155D03330D11E71054B444BD4A) : Correct 235 from 235 = 100.000 %
Category 026 (9DC3001E6728A5A411E5AD39ED91CA46) : Correct 206 from 206 = 100.000 %
Category 027 (8AFF00155D03361B11E5A52703DF5F11) : Correct 178 from 202 = 88.119 %
Category 028 (9DC3001E6728A5A411E5A79B22ED5D37) : Correct 185 from 192 = 96.354 %
Category 029 (81A800155D03361B11E5B9A7810E8D1E) : Correct 144 from 188 = 76.596 %
Category 030 (8A00005056A4699B11E466658775D4FF) : Correct 188 from 188 = 100.000 %
Category 031 (9DC3001E6728A5A411E5ADE778700C72) : Correct 149 from 183 = 81.421 %
Category 032 (AB470002B3552D7511DABBA395A182E1) : Correct 161 from 183 = 87.978 %
Category 033 (9DC3001E6728A5A411E5A48089895C9F) : Correct 159 from 182 = 87.363 %
Category 034 (9DC3001E6728A5A411E5A46FBD524C04) : Correct 161 from 178 = 90.449 %
Category 035 (87F100155D03330F11E7AC9DEEC9937E) : Correct 88 from 177 = 49.718 %
Category 036 (A0260002B3552D7511DB0D4758A2428D) : Correct 162 from 176 = 92.045 %
Category 037 (81A800155D03361B11E5BA7728949FF0) : Correct 131 from 176 = 74.432 %
Category 038 (AB470002B3552D7511DABBA4622AAA0E) : Correct 110 from 175 = 62.857 %
Category 039 (B08600001A1933DF11DC3B3CF41D14E1) : Correct 166 from 171 = 97.076 %
Category 040 (81A800155D03361B11E5B9A7810E8D20) : Correct 128 from 170 = 75.294 %
Category 041 (9DC3001E6728A5A411E5A9FD8B46B0E0) : Correct 165 from 167 = 98.802 %
Category 042 (AB470002B3552D7511DABBA24B077DB9) : Correct 154 from 167 = 92.216 %
Category 043 (9DC3001E6728A5A411E5A77C2BB360B0) : Correct 162 from 167 = 97.006 %
Category 044 (B00F00155D03330D11E715D1B130AA98) : Correct 144 from 166 = 86.747 %
Category 045 (AB470002B3552D7511DABBA438EFF100) : Correct 146 from 164 = 89.024 %
Category 046 (9DC3001E6728A5A411E5A3CBE59E7718) : Correct 157 from 160 = 98.125 %
Category 047 (81A800155D03361B11E5B9A7810E8D1F) : Correct 115 from 159 = 72.327 %
Category 048 (AAD1005056A4699B11E3E150CD241B76) : Correct 155 from 159 = 97.484 %
Category 049 (9DC3001E6728A5A411E5AAAFEE386A00) : Correct 146 from 157 = 92.994 %
Category 050 (AB470002B3552D7511DABBA381697A43) : Correct 129 from 157 = 82.166 %
Category 051 (8D6700155D03361B11E48FD21C46F3CA) : Correct 74 from 155 = 47.742 %
Category 052 (A036005056A615EF11E388A2D4E04902) : Correct 151 from 155 = 97.419 %
Category 053 (9DC3001E6728A5A411E5A48089895CA1) : Correct 140 from 154 = 90.909 %
Category 054 (857C00151716F9F511DD279D98016628) : Correct 142 from 154 = 92.208 %
Category 055 (AFBE00155D03330D11E75587CDA72B14) : Correct 96 from 153 = 62.745 %
Category 056 (A6700002B3552D7511DB02425D604397) : Correct 130 from 152 = 85.526 %
Category 057 (9DC3001E6728A5A411E5ADF8715BDD5C) : Correct 137 from 148 = 92.568 %
Category 058 (80A700155D03330D11E7F99929053EC5) : Correct 141 from 146 = 96.575 %
Category 059 (938D00155D03330D11E7920CB0D89BF3) : Correct 132 from 145 = 91.034 %
Category 060 (94F300155D03120211E4062F61EE137B) : Correct 103 from 144 = 71.528 %
Category 061 (A9E700155D03330D11E6F18BE7A0FE5E) : Correct 74 from 143 = 51.748 %
Category 062 (9A4B00155D03330711E6368B03CCFAFE) : Correct 127 from 142 = 89.437 %
Category 063 (924B001731BB01C711DB72D486EEE140) : Correct 131 from 139 = 94.245 %
Category 064 (9BDD00155D03330711E6602B3DA490E3) : Correct 125 from 138 = 90.580 %
Category 065 (AB470002B3552D7511DABBA3FB92A462) : Correct 116 from 138 = 84.058 %
Category 066 (8E8E00155D03361B11E562892C6BEAC9) : Correct 81 from 137 = 59.124 %
Category 067 (B08600001A1933DF11DC3B3CF41D14EA) : Correct 104 from 137 = 75.912 %
Category 068 (B2F700155D03361B11E504D8D7668EC8) : Correct 134 from 134 = 100.000 %
Category 069 (A8F000155D03120211E476A7F7689103) : Correct 96 from 133 = 72.180 %
Category 070 (AF1F00155D03330D11E6D6C37522549E) : Correct 81 from 132 = 61.364 %
Category 071 (81A800155D03361B11E5B9A7810E8D1D) : Correct 99 from 132 = 75.000 %
Category 072 (9DC3001E6728A5A411E5AAA244427361) : Correct 128 from 131 = 97.710 %
Category 073 (9DC3001E6728A5A411E5AACFB915AE5F) : Correct 125 from 131 = 95.420 %
Category 074 (B2F700155D03361B11E50761175100CD) : Correct 131 from 131 = 100.000 %
Category 075 (9DC3001E6728A5A411E5ADCD87E5529A) : Correct 124 from 130 = 95.385 %
Category 076 (AEA100155D03120211E3EF711144E16F) : Correct 125 from 130 = 96.154 %
Category 077 (9DC3001E6728A5A411E5AEAD86633C44) : Correct 105 from 128 = 82.031 %
Category 078 (A4C100155D030B1F11E2BB90C94C1F85) : Correct 123 from 127 = 96.850 %
Category 079 (9CE000001A1933DF11DC08C11A029325) : Correct 118 from 126 = 93.651 %
Category 080 (9DC3001E6728A5A411E5A499B151D356) : Correct 125 from 125 = 100.000 %
Category 081 (9DC3001E6728A5A411E5A789948E16D3) : Correct 121 from 124 = 97.581 %
Category 082 (AB470002B3552D7511DABBA3D2CA5BF9) : Correct 116 from 124 = 93.548 %
Category 083 (85C800155D03330D11E75254D4258418) : Correct 123 from 123 = 100.000 %
Category 084 (9DC3001E6728A5A411E5A791337AD46D) : Correct 110 from 123 = 89.431 %
Category 085 (AEE100155D030B1F11E2635F06241C92) : Correct 100 from 123 = 81.301 %
Category 086 (84E2001517C526F011E1798DF6C48E22) : Correct 120 from 122 = 98.361 %
Category 087 (9DC3001E6728A5A411E5A9F48B9F270C) : Correct 114 from 120 = 95.000 %
Category 088 (81A800155D03361B11E5B9A7810E8D23) : Correct 61 from 120 = 50.833 %
Category 089 (B00F00155D03330D11E710551930AE74) : Correct 118 from 119 = 99.160 %
Category 090 (9EAE00151716F9F511DEDB0AA3CEE19C) : Correct 117 from 118 = 99.153 %
Category 091 (9DC3001E6728A5A411E5AE05370C1784) : Correct 92 from 118 = 77.966 %
Category 092 (815F001517C526F111DF73563FFEC9CC) : Correct 114 from 114 = 100.000 %
Category 093 (9DC3001E6728A5A411E5A52A058118C8) : Correct 67 from 114 = 58.772 %
Category 094 (8F1D001517C5264411E4162B60C94D56) : Correct 45 from 114 = 39.474 %
Category 095 (9DC3001E6728A5A411E5A9FD303F01D4) : Correct 108 from 114 = 94.737 %
Category 096 (AACA00155D03330D11E685E4B1870282) : Correct 105 from 113 = 92.920 %
Category 097 (9B10001517D7BDE111E42760C1FF05C5) : Correct 52 from 112 = 46.429 %
Category 098 (9DC3001E6728A5A411E5A84BD6487A11) : Correct 112 from 112 = 100.000 %
Category 099 (ABC700151716F9F511DCA46AE7C262AB) : Correct 109 from 111 = 98.198 %

Correct 21339 from 23964 = 89.046 %
Categories in order of ascending correctness

Category 094 (8F1D001517C5264411E4162B60C94D56) : Correct 45 from 114 = 39.474 %
Category 097 (9B10001517D7BDE111E42760C1FF05C5) : Correct 52 from 112 = 46.429 %
Category 051 (8D6700155D03361B11E48FD21C46F3CA) : Correct 74 from 155 = 47.742 %
Category 035 (87F100155D03330F11E7AC9DEEC9937E) : Correct 88 from 177 = 49.718 %
Category 088 (81A800155D03361B11E5B9A7810E8D23) : Correct 61 from 120 = 50.833 %
Category 061 (A9E700155D03330D11E6F18BE7A0FE5E) : Correct 74 from 143 = 51.748 %
Category 093 (9DC3001E6728A5A411E5A52A058118C8) : Correct 67 from 114 = 58.772 %
Category 066 (8E8E00155D03361B11E562892C6BEAC9) : Correct 81 from 137 = 59.124 %
Category 011 (AB470002B3552D7511DABBA2439DA7C0) : Correct 237 from 400 = 59.250 %
Category 070 (AF1F00155D03330D11E6D6C37522549E) : Correct 81 from 132 = 61.364 %
Category 055 (AFBE00155D03330D11E75587CDA72B14) : Correct 96 from 153 = 62.745 %
Category 038 (AB470002B3552D7511DABBA4622AAA0E) : Correct 110 from 175 = 62.857 %
Category 060 (94F300155D03120211E4062F61EE137B) : Correct 103 from 144 = 71.528 %
Category 069 (A8F000155D03120211E476A7F7689103) : Correct 96 from 133 = 72.180 %
Category 047 (81A800155D03361B11E5B9A7810E8D1F) : Correct 115 from 159 = 72.327 %
Category 013 (A20B00001A1933DF11DC43B03FB5D83C) : Correct 272 from 370 = 73.514 %
Category 037 (81A800155D03361B11E5BA7728949FF0) : Correct 131 from 176 = 74.432 %
Category 071 (81A800155D03361B11E5B9A7810E8D1D) : Correct 99 from 132 = 75.000 %
Category 040 (81A800155D03361B11E5B9A7810E8D20) : Correct 128 from 170 = 75.294 %
Category 067 (B08600001A1933DF11DC3B3CF41D14EA) : Correct 104 from 137 = 75.912 %
Category 029 (81A800155D03361B11E5B9A7810E8D1E) : Correct 144 from 188 = 76.596 %
Category 091 (9DC3001E6728A5A411E5AE05370C1784) : Correct 92 from 118 = 77.966 %
Category 020 (AB470002B3552D7511DABBA3CC051128) : Correct 243 from 309 = 78.641 %
Category 014 (8AFF00155D03361B11E5A539160DB982) : Correct 288 from 362 = 79.558 %
Category 085 (AEE100155D030B1F11E2635F06241C92) : Correct 100 from 123 = 81.301 %
Category 031 (9DC3001E6728A5A411E5ADE778700C72) : Correct 149 from 183 = 81.421 %
Category 077 (9DC3001E6728A5A411E5AEAD86633C44) : Correct 105 from 128 = 82.031 %
Category 050 (AB470002B3552D7511DABBA381697A43) : Correct 129 from 157 = 82.166 %
Category 002 (80EE00155D030B1F11E240183D5260E9) : Correct 884 from 1068 = 82.772 %
Category 065 (AB470002B3552D7511DABBA3FB92A462) : Correct 116 from 138 = 84.058 %
Category 021 (8CA6001517C526F011E0F2DDC3BD6872) : Correct 252 from 298 = 84.564 %
Category 056 (A6700002B3552D7511DB02425D604397) : Correct 130 from 152 = 85.526 %
Category 044 (B00F00155D03330D11E715D1B130AA98) : Correct 144 from 166 = 86.747 %
Category 006 (A89A001E6728A5A411E59EF3E600AAF8) : Correct 515 from 591 = 87.140 %
Category 033 (9DC3001E6728A5A411E5A48089895C9F) : Correct 159 from 182 = 87.363 %
Category 009 (9A4B00155D03330711E6368AE2AC0D6E) : Correct 368 from 421 = 87.411 %
Category 032 (AB470002B3552D7511DABBA395A182E1) : Correct 161 from 183 = 87.978 %
Category 027 (8AFF00155D03361B11E5A52703DF5F11) : Correct 178 from 202 = 88.119 %
Category 008 (B3CE00155D030B0711E0A761A7AC5D5B) : Correct 400 from 450 = 88.889 %
Category 045 (AB470002B3552D7511DABBA438EFF100) : Correct 146 from 164 = 89.024 %
Category 084 (9DC3001E6728A5A411E5A791337AD46D) : Correct 110 from 123 = 89.431 %
Category 062 (9A4B00155D03330711E6368B03CCFAFE) : Correct 127 from 142 = 89.437 %
Category 005 (9BDD00155D03330711E65E03F29B1C51) : Correct 531 from 592 = 89.696 %
Category 034 (9DC3001E6728A5A411E5A46FBD524C04) : Correct 161 from 178 = 90.449 %
Category 064 (9BDD00155D03330711E6602B3DA490E3) : Correct 125 from 138 = 90.580 %
Category 004 (BB62005056A616E611E266BBBDB314A6) : Correct 588 from 648 = 90.741 %
Category 053 (9DC3001E6728A5A411E5A48089895CA1) : Correct 140 from 154 = 90.909 %
Category 059 (938D00155D03330D11E7920CB0D89BF3) : Correct 132 from 145 = 91.034 %
Category 019 (9DC3001E6728A5A411E5A7818761785C) : Correct 286 from 311 = 91.961 %
Category 036 (A0260002B3552D7511DB0D4758A2428D) : Correct 162 from 176 = 92.045 %
Category 054 (857C00151716F9F511DD279D98016628) : Correct 142 from 154 = 92.208 %
Category 042 (AB470002B3552D7511DABBA24B077DB9) : Correct 154 from 167 = 92.216 %
Category 057 (9DC3001E6728A5A411E5ADF8715BDD5C) : Correct 137 from 148 = 92.568 %
Category 096 (AACA00155D03330D11E685E4B1870282) : Correct 105 from 113 = 92.920 %
Category 049 (9DC3001E6728A5A411E5AAAFEE386A00) : Correct 146 from 157 = 92.994 %
Category 082 (AB470002B3552D7511DABBA3D2CA5BF9) : Correct 116 from 124 = 93.548 %
Category 079 (9CE000001A1933DF11DC08C11A029325) : Correct 118 from 126 = 93.651 %
Category 063 (924B001731BB01C711DB72D486EEE140) : Correct 131 from 139 = 94.245 %
Category 095 (9DC3001E6728A5A411E5A9FD303F01D4) : Correct 108 from 114 = 94.737 %
Category 087 (9DC3001E6728A5A411E5A9F48B9F270C) : Correct 114 from 120 = 95.000 %
Category 075 (9DC3001E6728A5A411E5ADCD87E5529A) : Correct 124 from 130 = 95.385 %
Category 073 (9DC3001E6728A5A411E5AACFB915AE5F) : Correct 125 from 131 = 95.420 %
Category 018 (9DC3001E6728A5A411E5AEC7AEBA7A40) : Correct 313 from 327 = 95.719 %
Category 015 (9DC3001E6728A5A411E5AE0B591B139B) : Correct 346 from 360 = 96.111 %
Category 076 (AEA100155D03120211E3EF711144E16F) : Correct 125 from 130 = 96.154 %
Category 028 (9DC3001E6728A5A411E5A79B22ED5D37) : Correct 185 from 192 = 96.354 %
Category 010 (BE0700151716F9F511DD520FD5A60940) : Correct 403 from 418 = 96.411 %
Category 058 (80A700155D03330D11E7F99929053EC5) : Correct 141 from 146 = 96.575 %
Category 001 (9DC3001E6728A5A411E5AD07545A1026) : Correct 1211 from 1251 = 96.803 %
Category 078 (A4C100155D030B1F11E2BB90C94C1F85) : Correct 123 from 127 = 96.850 %
Category 043 (9DC3001E6728A5A411E5A77C2BB360B0) : Correct 162 from 167 = 97.006 %
Category 039 (B08600001A1933DF11DC3B3CF41D14E1) : Correct 166 from 171 = 97.076 %
Category 052 (A036005056A615EF11E388A2D4E04902) : Correct 151 from 155 = 97.419 %
Category 048 (AAD1005056A4699B11E3E150CD241B76) : Correct 155 from 159 = 97.484 %
Category 081 (9DC3001E6728A5A411E5A789948E16D3) : Correct 121 from 124 = 97.581 %
Category 072 (9DC3001E6728A5A411E5AAA244427361) : Correct 128 from 131 = 97.710 %
Category 007 (9A61005056A615EF11E391FD2FA4C0DB) : Correct 448 from 457 = 98.031 %
Category 046 (9DC3001E6728A5A411E5A3CBE59E7718) : Correct 157 from 160 = 98.125 %
Category 099 (ABC700151716F9F511DCA46AE7C262AB) : Correct 109 from 111 = 98.198 %
Category 086 (84E2001517C526F011E1798DF6C48E22) : Correct 120 from 122 = 98.361 %
Category 012 (9DC3001E6728A5A411E5A561F126E625) : Correct 366 from 372 = 98.387 %
Category 041 (9DC3001E6728A5A411E5A9FD8B46B0E0) : Correct 165 from 167 = 98.802 %
Category 016 (938D00155D03330D11E7B4838EBD2065) : Correct 346 from 349 = 99.140 %
Category 090 (9EAE00151716F9F511DEDB0AA3CEE19C) : Correct 117 from 118 = 99.153 %
Category 089 (B00F00155D03330D11E710551930AE74) : Correct 118 from 119 = 99.160 %
Category 024 (87DA00155D03330D11E6C10387A513F2) : Correct 238 from 239 = 99.582 %
Category 003 (8A00005056A4699B11E466658775D4FE) : Correct 822 from 822 = 100.000 %
Category 017 (A9C4005056A4699B11E3FB7738730A26) : Correct 342 from 342 = 100.000 %
Category 022 (AAD1005056A4699B11E3C9C81CEA9FBD) : Correct 267 from 267 = 100.000 %
Category 092 (815F001517C526F111DF73563FFEC9CC) : Correct 114 from 114 = 100.000 %
Category 023 (B00F00155D03330D11E710551930AE76) : Correct 243 from 243 = 100.000 %
Category 068 (B2F700155D03361B11E504D8D7668EC8) : Correct 134 from 134 = 100.000 %
Category 025 (B00F00155D03330D11E71054B444BD4A) : Correct 235 from 235 = 100.000 %
Category 026 (9DC3001E6728A5A411E5AD39ED91CA46) : Correct 206 from 206 = 100.000 %
Category 030 (8A00005056A4699B11E466658775D4FF) : Correct 188 from 188 = 100.000 %
Category 083 (85C800155D03330D11E75254D4258418) : Correct 123 from 123 = 100.000 %
Category 098 (9DC3001E6728A5A411E5A84BD6487A11) : Correct 112 from 112 = 100.000 %
Category 080 (9DC3001E6728A5A411E5A499B151D356) : Correct 125 from 125 = 100.000 %
Category 074 (B2F700155D03361B11E50761175100CD) : Correct 131 from 131 = 100.000 %
Category 000 (83ED005056A4699B11E4389160160FA3) : Correct 1684 from 1684 = 100.000 %
[Finished in 69.9s]
